# JRE version: 7.0_10-b18
# Java VM: Java HotSpot(TM) 64-Bit Server VM (23.6-b04 mixed mode windows-amd64 compressed oops)
Heap
 PSYoungGen      total 227008K, used 189684K [0x00000000eaab0000, 0x0000000100000000, 0x0000000100000000)
  eden space 196736K, 90% used [0x00000000eaab0000,0x00000000f57c5868,0x00000000f6ad0000)
  from space 30272K, 41% used [0x00000000f6ad0000,0x00000000f76f7880,0x00000000f8860000)
  to   space 45760K, 0% used [0x00000000fd350000,0x00000000fd350000,0x0000000100000000)
 ParOldGen       total 131584K, used 68541K [0x00000000c0000000, 0x00000000c8080000, 0x00000000eaab0000)
  object space 131584K, 52% used [0x00000000c0000000,0x00000000c42ef750,0x00000000c8080000)
 PSPermGen       total 21248K, used 6288K [0x00000000bae00000, 0x00000000bc2c0000, 0x00000000c0000000)
  object space 21248K, 29% used [0x00000000bae00000,0x00000000bb424000,0x00000000bc2c0000)
GC Heap History (10 events):
Event: 6.718 GC heap before
{Heap before GC invocations=6 (full 0):
 PSYoungGen      total 55808K, used 55783K [0x00000000eaab0000, 0x00000000f2c30000, 0x0000000100000000)
  eden space 51584K, 100% used [0x00000000eaab0000,0x00000000edd10000,0x00000000edd10000)
  from space 4224K, 99% used [0x00000000edd10000,0x00000000ee129d40,0x00000000ee130000)
  to   space 14720K, 0% used [0x00000000f1dd0000,0x00000000f1dd0000,0x00000000f2c30000)
 ParOldGen       total 68544K, used 17139K [0x00000000c0000000, 0x00000000c42f0000, 0x00000000eaab0000)
  object space 68544K, 25% used [0x00000000c0000000,0x00000000c10bcfd8,0x00000000c42f0000)
 PSPermGen       total 21248K, used 6143K [0x00000000bae00000, 0x00000000bc2c0000, 0x00000000c0000000)
  object space 21248K, 28% used [0x00000000bae00000,0x00000000bb3ffdb8,0x00000000bc2c0000)
Event: 6.773 GC heap after
Heap after GC invocations=6 (full 0):
 PSYoungGen      total 116032K, used 12487K [0x00000000eaab0000, 0x00000000f2fd0000, 0x0000000100000000)
  eden space 101312K, 0% used [0x00000000eaab0000,0x00000000eaab0000,0x00000000f0da0000)
  from space 14720K, 84% used [0x00000000f1dd0000,0x00000000f2a01f50,0x00000000f2c30000)
  to   space 16576K, 0% used [0x00000000f0da0000,0x00000000f0da0000,0x00000000f1dd0000)
 ParOldGen       total 68544K, used 17139K [0x00000000c0000000, 0x00000000c42f0000, 0x00000000eaab0000)
  object space 68544K, 25% used [0x00000000c0000000,0x00000000c10bcfd8,0x00000000c42f0000)
 PSPermGen       total 21248K, used 6143K [0x00000000bae00000, 0x00000000bc2c0000, 0x00000000c0000000)
  object space 21248K, 28% used [0x00000000bae00000,0x00000000bb3ffdb8,0x00000000bc2c0000)
}
Event: 9.312 GC heap before
{Heap before GC invocations=7 (full 0):
 PSYoungGen      total 116032K, used 113799K [0x00000000eaab0000, 0x00000000f2fd0000, 0x0000000100000000)
  eden space 101312K, 100% used [0x00000000eaab0000,0x00000000f0da0000,0x00000000f0da0000)
  from space 14720K, 84% used [0x00000000f1dd0000,0x00000000f2a01f50,0x00000000f2c30000)
  to   space 16576K, 0% used [0x00000000f0da0000,0x00000000f0da0000,0x00000000f1dd0000)
 ParOldGen       total 68544K, used 17139K [0x00000000c0000000, 0x00000000c42f0000, 0x00000000eaab0000)
  object space 68544K, 25% used [0x00000000c0000000,0x00000000c10bcfd8,0x00000000c42f0000)
 PSPermGen       total 21248K, used 6169K [0x00000000bae00000, 0x00000000bc2c0000, 0x00000000c0000000)
  object space 21248K, 29% used [0x00000000bae00000,0x00000000bb406538,0x00000000bc2c0000)
Event: 9.406 GC heap after
Heap after GC invocations=7 (full 0):
 PSYoungGen      total 117888K, used 16549K [0x00000000eaab0000, 0x00000000fa030000, 0x0000000100000000)
  eden space 101312K, 0% used [0x00000000eaab0000,0x00000000eaab0000,0x00000000f0da0000)
  from space 16576K, 99% used [0x00000000f0da0000,0x00000000f1dc9528,0x00000000f1dd0000)
  to   space 24384K, 0% used [0x00000000f8860000,0x00000000f8860000,0x00000000fa030000)
 ParOldGen       total 68544K, used 26543K [0x00000000c0000000, 0x00000000c42f0000, 0x00000000eaab0000)
  object space 68544K, 38% used [0x00000000c0000000,0x00000000c19ebe00,0x00000000c42f0000)
 PSPermGen       total 21248K, used 6169K [0x00000000bae00000, 0x00000000bc2c0000, 0x00000000c0000000)
  object space 21248K, 29% used [0x00000000bae00000,0x00000000bb406538,0x00000000bc2c0000)
}
Event: 10.896 GC heap before
{Heap before GC invocations=8 (full 0):
 PSYoungGen      total 117888K, used 117861K [0x00000000eaab0000, 0x00000000fa030000, 0x0000000100000000)
  eden space 101312K, 100% used [0x00000000eaab0000,0x00000000f0da0000,0x00000000f0da0000)
  from space 16576K, 99% used [0x00000000f0da0000,0x00000000f1dc9528,0x00000000f1dd0000)
  to   space 24384K, 0% used [0x00000000f8860000,0x00000000f8860000,0x00000000fa030000)
 ParOldGen       total 68544K, used 26543K [0x00000000c0000000, 0x00000000c42f0000, 0x00000000eaab0000)
  object space 68544K, 38% used [0x00000000c0000000,0x00000000c19ebe00,0x00000000c42f0000)
 PSPermGen       total 21248K, used 6210K [0x00000000bae00000, 0x00000000bc2c0000, 0x00000000c0000000)
  object space 21248K, 29% used [0x00000000bae00000,0x00000000bb4108e0,0x00000000bc2c0000)
Event: 11.002 GC heap after
Heap after GC invocations=8 (full 0):
 PSYoungGen      total 221120K, used 24356K [0x00000000eaab0000, 0x00000000fabb0000, 0x0000000100000000)
  eden space 196736K, 0% used [0x00000000eaab0000,0x00000000eaab0000,0x00000000f6ad0000)
  from space 24384K, 99% used [0x00000000f8860000,0x00000000fa0290a8,0x00000000fa030000)
  to   space 30272K, 0% used [0x00000000f6ad0000,0x00000000f6ad0000,0x00000000f8860000)
 ParOldGen       total 68544K, used 29902K [0x00000000c0000000, 0x00000000c42f0000, 0x00000000eaab0000)
  object space 68544K, 43% used [0x00000000c0000000,0x00000000c1d33848,0x00000000c42f0000)
 PSPermGen       total 21248K, used 6210K [0x00000000bae00000, 0x00000000bc2c0000, 0x00000000c0000000)
  object space 21248K, 29% used [0x00000000bae00000,0x00000000bb4108e0,0x00000000bc2c0000)
}
Event: 14.130 GC heap before
{Heap before GC invocations=9 (full 0):
 PSYoungGen      total 221120K, used 221092K [0x00000000eaab0000, 0x00000000fabb0000, 0x0000000100000000)
  eden space 196736K, 100% used [0x00000000eaab0000,0x00000000f6ad0000,0x00000000f6ad0000)
  from space 24384K, 99% used [0x00000000f8860000,0x00000000fa0290a8,0x00000000fa030000)
  to   space 30272K, 0% used [0x00000000f6ad0000,0x00000000f6ad0000,0x00000000f8860000)
 ParOldGen       total 68544K, used 29902K [0x00000000c0000000, 0x00000000c42f0000, 0x00000000eaab0000)
  object space 68544K, 43% used [0x00000000c0000000,0x00000000c1d33848,0x00000000c42f0000)
 PSPermGen       total 21248K, used 6270K [0x00000000bae00000, 0x00000000bc2c0000, 0x00000000c0000000)
  object space 21248K, 29% used [0x00000000bae00000,0x00000000bb41fae8,0x00000000bc2c0000)
Event: 14.263 GC heap after
Heap after GC invocations=9 (full 0):
 PSYoungGen      total 227008K, used 30252K [0x00000000eaab0000, 0x0000000100000000, 0x0000000100000000)
  eden space 196736K, 0% used [0x00000000eaab0000,0x00000000eaab0000,0x00000000f6ad0000)
  from space 30272K, 99% used [0x00000000f6ad0000,0x00000000f885b2f0,0x00000000f8860000)
  to   space 45760K, 0% used [0x00000000fd350000,0x00000000fd350000,0x0000000100000000)
 ParOldGen       total 68544K, used 55350K [0x00000000c0000000, 0x00000000c42f0000, 0x00000000eaab0000)
  object space 68544K, 80% used [0x00000000c0000000,0x00000000c360dbf0,0x00000000c42f0000)
 PSPermGen       total 21248K, used 6270K [0x00000000bae00000, 0x00000000bc2c0000, 0x00000000c0000000)
  object space 21248K, 29% used [0x00000000bae00000,0x00000000bb41fae8,0x00000000bc2c0000)
}
Event: 14.263 GC heap before
{Heap before GC invocations=10 (full 1):
 PSYoungGen      total 227008K, used 30252K [0x00000000eaab0000, 0x0000000100000000, 0x0000000100000000)
  eden space 196736K, 0% used [0x00000000eaab0000,0x00000000eaab0000,0x00000000f6ad0000)
  from space 30272K, 99% used [0x00000000f6ad0000,0x00000000f885b2f0,0x00000000f8860000)
  to   space 45760K, 0% used [0x00000000fd350000,0x00000000fd350000,0x0000000100000000)
 ParOldGen       total 68544K, used 55350K [0x00000000c0000000, 0x00000000c42f0000, 0x00000000eaab0000)
  object space 68544K, 80% used [0x00000000c0000000,0x00000000c360dbf0,0x00000000c42f0000)
 PSPermGen       total 21248K, used 6270K [0x00000000bae00000, 0x00000000bc2c0000, 0x00000000c0000000)
  object space 21248K, 29% used [0x00000000bae00000,0x00000000bb41fae8,0x00000000bc2c0000)
Event: 16.060 GC heap after
Heap after GC invocations=10 (full 1):
 PSYoungGen      total 227008K, used 12446K [0x00000000eaab0000, 0x0000000100000000, 0x0000000100000000)
  eden space 196736K, 0% used [0x00000000eaab0000,0x00000000eaab0000,0x00000000f6ad0000)
  from space 30272K, 41% used [0x00000000f6ad0000,0x00000000f76f7880,0x00000000f8860000)
  to   space 45760K, 0% used [0x00000000fd350000,0x00000000fd350000,0x0000000100000000)
 ParOldGen       total 131584K, used 68541K [0x00000000c0000000, 0x00000000c8080000, 0x00000000eaab0000)
  object space 131584K, 52% used [0x00000000c0000000,0x00000000c42ef750,0x00000000c8080000)
 PSPermGen       total 21248K, used 6265K [0x00000000bae00000, 0x00000000bc2c0000, 0x00000000c0000000)
  object space 21248K, 29% used [0x00000000bae00000,0x00000000bb41e6b8,0x00000000bc2c0000)
}

