# JRE version: 7.0_10-b18
# Java VM: Java HotSpot(TM) 64-Bit Server VM (23.6-b04 mixed mode windows-amd64 compressed oops)
Heap
 PSYoungGen      total 275328K, used 167968K [0x00000000eaab0000, 0x00000000ffcd0000, 0x0000000100000000)
  eden space 232320K, 53% used [0x00000000eaab0000,0x00000000f24c5a68,0x00000000f8d90000)
  from space 43008K, 99% used [0x00000000fd2d0000,0x00000000ffcc2840,0x00000000ffcd0000)
  to   space 52864K, 0% used [0x00000000f9590000,0x00000000f9590000,0x00000000fc930000)
 ParOldGen       total 131008K, used 70594K [0x00000000c0000000, 0x00000000c7ff0000, 0x00000000eaab0000)
  object space 131008K, 53% used [0x00000000c0000000,0x00000000c44f0920,0x00000000c7ff0000)
 PSPermGen       total 21248K, used 6301K [0x00000000bae00000, 0x00000000bc2c0000, 0x00000000c0000000)
  object space 21248K, 29% used [0x00000000bae00000,0x00000000bb427418,0x00000000bc2c0000)
GC Heap History (10 events):
Event: 8.220 GC heap before
{Heap before GC invocations=7 (full 0):
 PSYoungGen      total 116416K, used 113923K [0x00000000eaab0000, 0x00000000f3050000, 0x0000000100000000)
  eden space 101376K, 100% used [0x00000000eaab0000,0x00000000f0db0000,0x00000000f0db0000)
  from space 15040K, 83% used [0x00000000f1e20000,0x00000000f2a60db0,0x00000000f2cd0000)
  to   space 16832K, 0% used [0x00000000f0db0000,0x00000000f0db0000,0x00000000f1e20000)
 ParOldGen       total 68544K, used 17640K [0x00000000c0000000, 0x00000000c42f0000, 0x00000000eaab0000)
  object space 68544K, 25% used [0x00000000c0000000,0x00000000c113a290,0x00000000c42f0000)
 PSPermGen       total 21248K, used 6167K [0x00000000bae00000, 0x00000000bc2c0000, 0x00000000c0000000)
  object space 21248K, 29% used [0x00000000bae00000,0x00000000bb405f48,0x00000000bc2c0000)
Event: 8.287 GC heap after
Heap after GC invocations=7 (full 0):
 PSYoungGen      total 118208K, used 16813K [0x00000000eaab0000, 0x00000000fa110000, 0x0000000100000000)
  eden space 101376K, 0% used [0x00000000eaab0000,0x00000000eaab0000,0x00000000f0db0000)
  from space 16832K, 99% used [0x00000000f0db0000,0x00000000f1e1b5e8,0x00000000f1e20000)
  to   space 24768K, 0% used [0x00000000f88e0000,0x00000000f88e0000,0x00000000fa110000)
 ParOldGen       total 68544K, used 27085K [0x00000000c0000000, 0x00000000c42f0000, 0x00000000eaab0000)
  object space 68544K, 39% used [0x00000000c0000000,0x00000000c1a737d8,0x00000000c42f0000)
 PSPermGen       total 21248K, used 6167K [0x00000000bae00000, 0x00000000bc2c0000, 0x00000000c0000000)
  object space 21248K, 29% used [0x00000000bae00000,0x00000000bb405f48,0x00000000bc2c0000)
}
Event: 9.513 GC heap before
{Heap before GC invocations=8 (full 0):
 PSYoungGen      total 118208K, used 118189K [0x00000000eaab0000, 0x00000000fa110000, 0x0000000100000000)
  eden space 101376K, 100% used [0x00000000eaab0000,0x00000000f0db0000,0x00000000f0db0000)
  from space 16832K, 99% used [0x00000000f0db0000,0x00000000f1e1b5e8,0x00000000f1e20000)
  to   space 24768K, 0% used [0x00000000f88e0000,0x00000000f88e0000,0x00000000fa110000)
 ParOldGen       total 68544K, used 27088K [0x00000000c0000000, 0x00000000c42f0000, 0x00000000eaab0000)
  object space 68544K, 39% used [0x00000000c0000000,0x00000000c1a74178,0x00000000c42f0000)
 PSPermGen       total 21248K, used 6208K [0x00000000bae00000, 0x00000000bc2c0000, 0x00000000c0000000)
  object space 21248K, 29% used [0x00000000bae00000,0x00000000bb4102c8,0x00000000bc2c0000)
Event: 9.592 GC heap after
Heap after GC invocations=8 (full 0):
 PSYoungGen      total 221632K, used 24743K [0x00000000eaab0000, 0x00000000fac90000, 0x0000000100000000)
  eden space 196864K, 0% used [0x00000000eaab0000,0x00000000eaab0000,0x00000000f6af0000)
  from space 24768K, 99% used [0x00000000f88e0000,0x00000000fa109dc8,0x00000000fa110000)
  to   space 30656K, 0% used [0x00000000f6af0000,0x00000000f6af0000,0x00000000f88e0000)
 ParOldGen       total 68544K, used 30369K [0x00000000c0000000, 0x00000000c42f0000, 0x00000000eaab0000)
  object space 68544K, 44% used [0x00000000c0000000,0x00000000c1da8458,0x00000000c42f0000)
 PSPermGen       total 21248K, used 6208K [0x00000000bae00000, 0x00000000bc2c0000, 0x00000000c0000000)
  object space 21248K, 29% used [0x00000000bae00000,0x00000000bb4102c8,0x00000000bc2c0000)
}
Event: 12.146 GC heap before
{Heap before GC invocations=9 (full 0):
 PSYoungGen      total 221632K, used 221607K [0x00000000eaab0000, 0x00000000fac90000, 0x0000000100000000)
  eden space 196864K, 100% used [0x00000000eaab0000,0x00000000f6af0000,0x00000000f6af0000)
  from space 24768K, 99% used [0x00000000f88e0000,0x00000000fa109dc8,0x00000000fa110000)
  to   space 30656K, 0% used [0x00000000f6af0000,0x00000000f6af0000,0x00000000f88e0000)
 ParOldGen       total 68544K, used 30369K [0x00000000c0000000, 0x00000000c42f0000, 0x00000000eaab0000)
  object space 68544K, 44% used [0x00000000c0000000,0x00000000c1da8458,0x00000000c42f0000)
 PSPermGen       total 21248K, used 6273K [0x00000000bae00000, 0x00000000bc2c0000, 0x00000000c0000000)
  object space 21248K, 29% used [0x00000000bae00000,0x00000000bb4207f8,0x00000000bc2c0000)
Event: 12.267 GC heap after
Heap after GC invocations=9 (full 0):
 PSYoungGen      total 227520K, used 30649K [0x00000000eaab0000, 0x0000000100000000, 0x0000000100000000)
  eden space 196864K, 0% used [0x00000000eaab0000,0x00000000eaab0000,0x00000000f6af0000)
  from space 30656K, 99% used [0x00000000f6af0000,0x00000000f88de6d8,0x00000000f88e0000)
  to   space 46272K, 0% used [0x00000000fd2d0000,0x00000000fd2d0000,0x0000000100000000)
 ParOldGen       total 68544K, used 55923K [0x00000000c0000000, 0x00000000c42f0000, 0x00000000eaab0000)
  object space 68544K, 81% used [0x00000000c0000000,0x00000000c369cfb0,0x00000000c42f0000)
 PSPermGen       total 21248K, used 6273K [0x00000000bae00000, 0x00000000bc2c0000, 0x00000000c0000000)
  object space 21248K, 29% used [0x00000000bae00000,0x00000000bb4207f8,0x00000000bc2c0000)
}
Event: 12.267 GC heap before
{Heap before GC invocations=10 (full 1):
 PSYoungGen      total 227520K, used 30649K [0x00000000eaab0000, 0x0000000100000000, 0x0000000100000000)
  eden space 196864K, 0% used [0x00000000eaab0000,0x00000000eaab0000,0x00000000f6af0000)
  from space 30656K, 99% used [0x00000000f6af0000,0x00000000f88de6d8,0x00000000f88e0000)
  to   space 46272K, 0% used [0x00000000fd2d0000,0x00000000fd2d0000,0x0000000100000000)
 ParOldGen       total 68544K, used 55923K [0x00000000c0000000, 0x00000000c42f0000, 0x00000000eaab0000)
  object space 68544K, 81% used [0x00000000c0000000,0x00000000c369cfb0,0x00000000c42f0000)
 PSPermGen       total 21248K, used 6273K [0x00000000bae00000, 0x00000000bc2c0000, 0x00000000c0000000)
  object space 21248K, 29% used [0x00000000bae00000,0x00000000bb4207f8,0x00000000bc2c0000)
Event: 13.488 GC heap after
Heap after GC invocations=10 (full 1):
 PSYoungGen      total 227520K, used 12842K [0x00000000eaab0000, 0x0000000100000000, 0x0000000100000000)
  eden space 196864K, 0% used [0x00000000eaab0000,0x00000000eaab0000,0x00000000f6af0000)
  from space 30656K, 41% used [0x00000000f6af0000,0x00000000f777aac0,0x00000000f88e0000)
  to   space 46272K, 0% used [0x00000000fd2d0000,0x00000000fd2d0000,0x0000000100000000)
 ParOldGen       total 131008K, used 68542K [0x00000000c0000000, 0x00000000c7ff0000, 0x00000000eaab0000)
  object space 131008K, 52% used [0x00000000c0000000,0x00000000c42ef830,0x00000000c7ff0000)
 PSPermGen       total 21248K, used 6269K [0x00000000bae00000, 0x00000000bc2c0000, 0x00000000c0000000)
  object space 21248K, 29% used [0x00000000bae00000,0x00000000bb41f4c8,0x00000000bc2c0000)
}
Event: 16.029 GC heap before
{Heap before GC invocations=11 (full 1):
 PSYoungGen      total 227520K, used 209706K [0x00000000eaab0000, 0x0000000100000000, 0x0000000100000000)
  eden space 196864K, 100% used [0x00000000eaab0000,0x00000000f6af0000,0x00000000f6af0000)
  from space 30656K, 41% used [0x00000000f6af0000,0x00000000f777aac0,0x00000000f88e0000)
  to   space 46272K, 0% used [0x00000000fd2d0000,0x00000000fd2d0000,0x0000000100000000)
 ParOldGen       total 131008K, used 68542K [0x00000000c0000000, 0x00000000c7ff0000, 0x00000000eaab0000)
  object space 131008K, 52% used [0x00000000c0000000,0x00000000c42ef830,0x00000000c7ff0000)
 PSPermGen       total 21248K, used 6292K [0x00000000bae00000, 0x00000000bc2c0000, 0x00000000c0000000)
  object space 21248K, 29% used [0x00000000bae00000,0x00000000bb4252d8,0x00000000bc2c0000)
Event: 16.204 GC heap after
Heap after GC invocations=11 (full 1):
 PSYoungGen      total 275328K, used 42954K [0x00000000eaab0000, 0x00000000ffcd0000, 0x0000000100000000)
  eden space 232320K, 0% used [0x00000000eaab0000,0x00000000eaab0000,0x00000000f8d90000)
  from space 43008K, 99% used [0x00000000fd2d0000,0x00000000ffcc2840,0x00000000ffcd0000)
  to   space 52864K, 0% used [0x00000000f9590000,0x00000000f9590000,0x00000000fc930000)
 ParOldGen       total 131008K, used 70594K [0x00000000c0000000, 0x00000000c7ff0000, 0x00000000eaab0000)
  object space 131008K, 53% used [0x00000000c0000000,0x00000000c44f0920,0x00000000c7ff0000)
 PSPermGen       total 21248K, used 6292K [0x00000000bae00000, 0x00000000bc2c0000, 0x00000000c0000000)
  object space 21248K, 29% used [0x00000000bae00000,0x00000000bb4252d8,0x00000000bc2c0000)
}

